  [1m[36mSQL (0.6ms)[0m  [1m SELECT name
 FROM sqlite_master
 WHERE type = 'table' AND NOT name = 'sqlite_sequence'
[0m
  [1m[35mSQL (0.1ms)[0m  select sqlite_version(*)
  [1m[36mSQL (372.7ms)[0m  [1mCREATE TABLE "schema_migrations" ("version" varchar(255) NOT NULL) [0m
  [1m[35mSQL (0.2ms)[0m  PRAGMA index_list("schema_migrations")
  [1m[36mSQL (86.5ms)[0m  [1mCREATE UNIQUE INDEX "unique_schema_migrations" ON "schema_migrations" ("version")[0m
  [1m[35mSQL (0.3ms)[0m   SELECT name
 FROM sqlite_master
 WHERE type = 'table' AND NOT name = 'sqlite_sequence'
  [1m[36mSQL (0.3ms)[0m  [1m SELECT name
 FROM sqlite_master
 WHERE type = 'table' AND NOT name = 'sqlite_sequence'
[0m
  [1m[35mSQL (0.2ms)[0m  SELECT "schema_migrations"."version" FROM "schema_migrations"
Migrating to CreateUsers (20110308195309)
  [1m[36mSQL (0.5ms)[0m  [1mCREATE TABLE "users" ("id" INTEGER PRIMARY KEY AUTOINCREMENT NOT NULL, "name" varchar(255), "email" varchar(255), "created_at" datetime, "updated_at" datetime) [0m
  [1m[35mSQL (0.1ms)[0m  INSERT INTO "schema_migrations" ("version") VALUES ('20110308195309')
Migrating to AddAttatchPaperclip (20110308195411)
  [1m[36mSQL (0.7ms)[0m  [1mALTER TABLE "users" ADD "attach_file_name" varchar(255)[0m
  [1m[35mSQL (0.4ms)[0m  ALTER TABLE "users" ADD "attach_content_type" varchar(255)
  [1m[36mSQL (0.6ms)[0m  [1mALTER TABLE "users" ADD "attach_file_size" integer[0m
  [1m[35mSQL (0.2ms)[0m  ALTER TABLE "users" ADD "attach_updated_at" datetime
  [1m[36mSQL (0.1ms)[0m  [1mINSERT INTO "schema_migrations" ("version") VALUES ('20110308195411')[0m
Migrating to AddPicPaperclip (20110308195425)
  [1m[35mSQL (0.8ms)[0m  ALTER TABLE "users" ADD "pic_file_name" varchar(255)
  [1m[36mSQL (0.5ms)[0m  [1mALTER TABLE "users" ADD "pic_content_type" varchar(255)[0m
  [1m[35mSQL (0.4ms)[0m  ALTER TABLE "users" ADD "pic_file_size" integer
  [1m[36mSQL (0.5ms)[0m  [1mALTER TABLE "users" ADD "pic_updated_at" datetime[0m
  [1m[35mSQL (0.2ms)[0m  INSERT INTO "schema_migrations" ("version") VALUES ('20110308195425')
  [1m[36mSQL (0.3ms)[0m  [1m SELECT name
 FROM sqlite_master
 WHERE type = 'table' AND NOT name = 'sqlite_sequence'
[0m
  [1m[35mSQL (0.2ms)[0m  SELECT "schema_migrations"."version" FROM "schema_migrations"
  [1m[36mSQL (0.2ms)[0m  [1m SELECT name
 FROM sqlite_master
 WHERE type = 'table' AND NOT name = 'sqlite_sequence'
[0m
  [1m[35mSQL (0.1ms)[0m  PRAGMA index_list("users")


Started GET "/" for 127.0.0.1 at 2013-04-29 19:31:48 +0500
  Processing by UsersController#index as HTML
  [1m[36mUser Load (0.7ms)[0m  [1mSELECT "users".* FROM "users"[0m
Rendered users/index.html.erb within layouts/application (3.9ms)
Completed 200 OK in 107ms (Views: 9.8ms | ActiveRecord: 0.7ms)


Started GET "/users/new" for 127.0.0.1 at 2013-04-29 19:31:52 +0500
  Processing by UsersController#new as HTML
DEPRECATION WARNING: <% %> style block helpers are deprecated. Please use <%= %>. (called from _app_views_users__form_html_erb__466552591_76844890_493937998 at /home/haseeb/projects/PaperClipExample/app/views/users/_form.html.erb:1)
Rendered users/_form.html.erb (38.2ms)
Rendered users/new.html.erb within layouts/application (44.7ms)
Completed 200 OK in 75ms (Views: 50.6ms | ActiveRecord: 0.0ms)


Started POST "/users" for 127.0.0.1 at 2013-04-29 19:32:31 +0500
  Processing by UsersController#create as HTML
  Parameters: {"utf8"=>"✓", "authenticity_token"=>"NFs2TcoV71rnIbzjYOal84+hi2CWoClObyMEZmz5s1E=", "user"=>{"name"=>"A", "email"=>"A", "pic"=>#<ActionDispatch::Http::UploadedFile:0xa306efc @original_filename="about_img.png", @content_type="image/png", @headers="Content-Disposition: form-data; name=\"user[pic]\"; filename=\"about_img.png\"\r\nContent-Type: image/png\r\n", @tempfile=#<File:/tmp/RackMultipart20130429-3268-1h7mbe3>>}, "commit"=>"Create User"}
[paperclip] identify -format %wx%h '/tmp/stream20130429-3268-oz2w5h.png[0]' 2>/dev/null
[paperclip] convert '/tmp/stream20130429-3268-oz2w5h.png[0]' -resize "300x300>" '/tmp/stream20130429-3268-oz2w5h20130429-3268-1iybxmf' 2>/dev/null
[paperclip] identify -format %wx%h '/tmp/stream20130429-3268-oz2w5h.png[0]' 2>/dev/null
[paperclip] convert '/tmp/stream20130429-3268-oz2w5h.png[0]' -resize "100x100>" '/tmp/stream20130429-3268-oz2w5h20130429-3268-j8nbn7' 2>/dev/null
  [1m[35mSQL (0.3ms)[0m   SELECT name
 FROM sqlite_master
 WHERE type = 'table' AND NOT name = 'sqlite_sequence'
  [1m[36mAREL (1.0ms)[0m  [1mINSERT INTO "users" ("name", "email", "created_at", "updated_at", "attach_file_name", "attach_content_type", "attach_file_size", "attach_updated_at", "pic_file_name", "pic_content_type", "pic_file_size", "pic_updated_at") VALUES ('A', 'A', '2013-04-29 14:32:32.786218', '2013-04-29 14:32:32.786218', NULL, NULL, NULL, NULL, 'about_img.png', 'image/png', 10772, '2013-04-29 14:32:31.936429')[0m
[paperclip] Saving attachments.
[paperclip] saving /home/haseeb/projects/PaperClipExample/public/system/pics/1/original/about_img.png
[paperclip] saving /home/haseeb/projects/PaperClipExample/public/system/pics/1/medium/about_img.png
[paperclip] saving /home/haseeb/projects/PaperClipExample/public/system/pics/1/thumb/about_img.png
Redirected to http://localhost:3000/users/1
Completed 302 Found in 1173ms


Started GET "/users/1" for 127.0.0.1 at 2013-04-29 19:32:33 +0500
  Processing by UsersController#show as HTML
  Parameters: {"id"=>"1"}
  [1m[35mUser Load (1.1ms)[0m  SELECT "users".* FROM "users" WHERE "users"."id" = 1 LIMIT 1
Rendered users/show.html.erb within layouts/application (28.2ms)
Completed 200 OK in 60ms (Views: 34.1ms | ActiveRecord: 2.3ms)


Started GET "/users" for 127.0.0.1 at 2013-04-29 19:32:57 +0500
  Processing by UsersController#index as HTML
  [1m[36mUser Load (1.3ms)[0m  [1mSELECT "users".* FROM "users"[0m
Rendered users/index.html.erb within layouts/application (25.8ms)
Completed 200 OK in 50ms (Views: 31.5ms | ActiveRecord: 1.3ms)


Started GET "/users" for 127.0.0.1 at 2013-04-29 19:35:14 +0500
  Processing by UsersController#index as HTML
  [1m[35mUser Load (1.3ms)[0m  SELECT "users".* FROM "users"
Rendered users/index.html.erb within layouts/application (72.5ms)
Completed 200 OK in 96ms (Views: 78.2ms | ActiveRecord: 1.3ms)


Started GET "/users/1" for 127.0.0.1 at 2013-04-29 19:35:18 +0500
  Processing by UsersController#show as HTML
  Parameters: {"id"=>"1"}
  [1m[36mUser Load (1.1ms)[0m  [1mSELECT "users".* FROM "users" WHERE "users"."id" = 1 LIMIT 1[0m
Rendered users/show.html.erb within layouts/application (70.9ms)
Completed 200 OK in 103ms (Views: 76.7ms | ActiveRecord: 1.1ms)
